State 30 conflicts: 1 shift/reduce
State 35 conflicts: 1 shift/reduce


Grammar

    0 $accept: Program $end

    1 Program: ExtDefList

    2 ExtDefList: %empty
    3           | ExtDef ExtDefList

    4 ExtDef: Specifier ExtDecList SEMI
    5       | Specifier SEMI
    6       | Specifier FunDec CompSt
    7       | Specifier FunDec SEMI
    8       | error SEMI

    9 ExtDecList: VarDec
   10           | VarDec COMMA ExtDecList

   11 Specifier: TYPE
   12          | StructSpecifier

   13 StructSpecifier: STRUCT OptTag LC DefList RC
   14                | STRUCT Tag
   15                | error RC

   16 OptTag: %empty
   17       | ID

   18 Tag: ID

   19 VarDec: ID
   20       | VarDec LB INT RB
   21       | VarDec LB error RB

   22 FunDec: ID LP VarList RP
   23       | ID LP RP
   24       | error RP

   25 VarList: ParamDec COMMA VarList
   26        | ParamDec

   27 ParamDec: Specifier VarDec

   28 CompSt: LC DefList StmtList RC
   29       | error RC

   30 StmtList: %empty
   31         | Stmt StmtList

   32 Stmt: Exp SEMI
   33     | CompSt
   34     | RETURN Exp SEMI
   35     | IF LP Exp RP Stmt
   36     | IF LP Exp RP Stmt ELSE Stmt
   37     | WHILE LP Exp RP Stmt
   38     | error SEMI

   39 DefList: %empty
   40        | Def DefList

   41 Def: Specifier DecList SEMI
   42    | error SEMI

   43 DecList: Dec
   44        | Dec COMMA DecList

   45 Dec: VarDec
   46    | VarDec ASSIGNOP Exp

   47 Exp: Exp ASSIGNOP Exp
   48    | Exp AND Exp
   49    | Exp OR Exp
   50    | Exp RELOP Exp
   51    | Exp PLUS Exp
   52    | Exp MINUS Exp
   53    | Exp STAR Exp
   54    | Exp DIV Exp
   55    | LP Exp RP
   56    | MINUS Exp
   57    | NOT Exp
   58    | ID LP Args RP
   59    | ID LP RP
   60    | Exp LB Exp RB
   61    | Exp DOT ID
   62    | ID
   63    | INT
   64    | FLOAT
   65    | LP error RP
   66    | ID LP error RP
   67    | Exp LB error RB

   68 Args: Exp COMMA Args
   69     | Exp


Terminals, with rules where they appear

    $end (0) 0
    error (256) 8 15 21 24 29 38 42 65 66 67
    SEMI <node> (258) 4 5 7 8 32 34 38 41 42
    COMMA <node> (259) 10 25 44 68
    ASSIGNOP <node> (260) 46 47
    RELOP <node> (261) 50
    PLUS <node> (262) 51
    MINUS <node> (263) 52 56
    STAR <node> (264) 53
    DIV <node> (265) 54
    AND <node> (266) 48
    OR <node> (267) 49
    DOT <node> (268) 61
    NOT <node> (269) 57
    TYPE <node> (270) 11
    LP <node> (271) 22 23 35 36 37 55 58 59 65 66
    RP <node> (272) 22 23 24 35 36 37 55 58 59 65 66
    LB <node> (273) 20 21 60 67
    RB <node> (274) 20 21 60 67
    LC <node> (275) 13 28
    RC <node> (276) 13 15 28 29
    STRUCT <node> (277) 13 14
    RETURN <node> (278) 34
    IF <node> (279) 35 36
    ELSE <node> (280) 36
    WHILE <node> (281) 37
    INT <node> (282) 20 63
    FLOAT <node> (283) 64
    ID <node> (284) 17 18 19 22 23 58 59 61 62 66
    UMINUS (285)
    LOWER_THAN_ELSE (286)


Nonterminals, with rules where they appear

    $accept (32)
        on left: 0
    Program <node> (33)
        on left: 1
        on right: 0
    ExtDefList <node> (34)
        on left: 2 3
        on right: 1 3
    ExtDef <node> (35)
        on left: 4 5 6 7 8
        on right: 3
    ExtDecList <node> (36)
        on left: 9 10
        on right: 4 10
    Specifier <node> (37)
        on left: 11 12
        on right: 4 5 6 7 27 41
    StructSpecifier <node> (38)
        on left: 13 14 15
        on right: 12
    OptTag <node> (39)
        on left: 16 17
        on right: 13
    Tag <node> (40)
        on left: 18
        on right: 14
    VarDec <node> (41)
        on left: 19 20 21
        on right: 9 10 20 21 27 45 46
    FunDec <node> (42)
        on left: 22 23 24
        on right: 6 7
    VarList <node> (43)
        on left: 25 26
        on right: 22 25
    ParamDec <node> (44)
        on left: 27
        on right: 25 26
    CompSt <node> (45)
        on left: 28 29
        on right: 6 33
    StmtList <node> (46)
        on left: 30 31
        on right: 28 31
    Stmt <node> (47)
        on left: 32 33 34 35 36 37 38
        on right: 31 35 36 37
    DefList <node> (48)
        on left: 39 40
        on right: 13 28 40
    Def <node> (49)
        on left: 41 42
        on right: 40
    DecList <node> (50)
        on left: 43 44
        on right: 41 44
    Dec <node> (51)
        on left: 45 46
        on right: 43 44
    Exp <node> (52)
        on left: 47 48 49 50 51 52 53 54 55 56 57 58 59 60 61 62 63 64 65 66 67
        on right: 32 34 35 36 37 46 47 48 49 50 51 52 53 54 55 56 57 60 61 67 68 69
    Args <node> (53)
        on left: 68 69
        on right: 58 68


State 0

    0 $accept: . Program $end

    error   shift, and go to state 1
    TYPE    shift, and go to state 2
    STRUCT  shift, and go to state 3

    $end  reduce using rule 2 (ExtDefList)

    Program          go to state 4
    ExtDefList       go to state 5
    ExtDef           go to state 6
    Specifier        go to state 7
    StructSpecifier  go to state 8


State 1

    8 ExtDef: error . SEMI
   15 StructSpecifier: error . RC

    SEMI  shift, and go to state 9
    RC    shift, and go to state 10


State 2

   11 Specifier: TYPE .

    $default  reduce using rule 11 (Specifier)


State 3

   13 StructSpecifier: STRUCT . OptTag LC DefList RC
   14                | STRUCT . Tag

    ID  shift, and go to state 11

    $default  reduce using rule 16 (OptTag)

    OptTag  go to state 12
    Tag     go to state 13


State 4

    0 $accept: Program . $end

    $end  shift, and go to state 14


State 5

    1 Program: ExtDefList .

    $default  reduce using rule 1 (Program)


State 6

    3 ExtDefList: ExtDef . ExtDefList

    error   shift, and go to state 1
    TYPE    shift, and go to state 2
    STRUCT  shift, and go to state 3

    $end  reduce using rule 2 (ExtDefList)

    ExtDefList       go to state 15
    ExtDef           go to state 6
    Specifier        go to state 7
    StructSpecifier  go to state 8


State 7

    4 ExtDef: Specifier . ExtDecList SEMI
    5       | Specifier . SEMI
    6       | Specifier . FunDec CompSt
    7       | Specifier . FunDec SEMI

    error  shift, and go to state 16
    SEMI   shift, and go to state 17
    ID     shift, and go to state 18

    ExtDecList  go to state 19
    VarDec      go to state 20
    FunDec      go to state 21


State 8

   12 Specifier: StructSpecifier .

    $default  reduce using rule 12 (Specifier)


State 9

    8 ExtDef: error SEMI .

    $default  reduce using rule 8 (ExtDef)


State 10

   15 StructSpecifier: error RC .

    $default  reduce using rule 15 (StructSpecifier)


State 11

   17 OptTag: ID .
   18 Tag: ID .

    LC        reduce using rule 17 (OptTag)
    $default  reduce using rule 18 (Tag)


State 12

   13 StructSpecifier: STRUCT OptTag . LC DefList RC

    LC  shift, and go to state 22


State 13

   14 StructSpecifier: STRUCT Tag .

    $default  reduce using rule 14 (StructSpecifier)


State 14

    0 $accept: Program $end .

    $default  accept


State 15

    3 ExtDefList: ExtDef ExtDefList .

    $default  reduce using rule 3 (ExtDefList)


State 16

   24 FunDec: error . RP

    RP  shift, and go to state 23


State 17

    5 ExtDef: Specifier SEMI .

    $default  reduce using rule 5 (ExtDef)


State 18

   19 VarDec: ID .
   22 FunDec: ID . LP VarList RP
   23       | ID . LP RP

    LP  shift, and go to state 24

    $default  reduce using rule 19 (VarDec)


State 19

    4 ExtDef: Specifier ExtDecList . SEMI

    SEMI  shift, and go to state 25


State 20

    9 ExtDecList: VarDec .
   10           | VarDec . COMMA ExtDecList
   20 VarDec: VarDec . LB INT RB
   21       | VarDec . LB error RB

    COMMA  shift, and go to state 26
    LB     shift, and go to state 27

    $default  reduce using rule 9 (ExtDecList)


State 21

    6 ExtDef: Specifier FunDec . CompSt
    7       | Specifier FunDec . SEMI

    error  shift, and go to state 28
    SEMI   shift, and go to state 29
    LC     shift, and go to state 30

    CompSt  go to state 31


State 22

   13 StructSpecifier: STRUCT OptTag LC . DefList RC

    error   shift, and go to state 32
    TYPE    shift, and go to state 2
    STRUCT  shift, and go to state 3

    RC  reduce using rule 39 (DefList)

    Specifier        go to state 33
    StructSpecifier  go to state 8
    DefList          go to state 34
    Def              go to state 35


State 23

   24 FunDec: error RP .

    $default  reduce using rule 24 (FunDec)


State 24

   22 FunDec: ID LP . VarList RP
   23       | ID LP . RP

    error   shift, and go to state 36
    TYPE    shift, and go to state 2
    RP      shift, and go to state 37
    STRUCT  shift, and go to state 3

    Specifier        go to state 38
    StructSpecifier  go to state 8
    VarList          go to state 39
    ParamDec         go to state 40


State 25

    4 ExtDef: Specifier ExtDecList SEMI .

    $default  reduce using rule 4 (ExtDef)


State 26

   10 ExtDecList: VarDec COMMA . ExtDecList

    ID  shift, and go to state 41

    ExtDecList  go to state 42
    VarDec      go to state 20


State 27

   20 VarDec: VarDec LB . INT RB
   21       | VarDec LB . error RB

    error  shift, and go to state 43
    INT    shift, and go to state 44


State 28

   29 CompSt: error . RC

    RC  shift, and go to state 45


State 29

    7 ExtDef: Specifier FunDec SEMI .

    $default  reduce using rule 7 (ExtDef)


State 30

   28 CompSt: LC . DefList StmtList RC

    error   shift, and go to state 32
    TYPE    shift, and go to state 2
    STRUCT  shift, and go to state 3

    error   [reduce using rule 39 (DefList)]
    MINUS   reduce using rule 39 (DefList)
    NOT     reduce using rule 39 (DefList)
    LP      reduce using rule 39 (DefList)
    LC      reduce using rule 39 (DefList)
    RC      reduce using rule 39 (DefList)
    RETURN  reduce using rule 39 (DefList)
    IF      reduce using rule 39 (DefList)
    WHILE   reduce using rule 39 (DefList)
    INT     reduce using rule 39 (DefList)
    FLOAT   reduce using rule 39 (DefList)
    ID      reduce using rule 39 (DefList)

    Specifier        go to state 33
    StructSpecifier  go to state 8
    DefList          go to state 46
    Def              go to state 35


State 31

    6 ExtDef: Specifier FunDec CompSt .

    $default  reduce using rule 6 (ExtDef)


State 32

   15 StructSpecifier: error . RC
   42 Def: error . SEMI

    SEMI  shift, and go to state 47
    RC    shift, and go to state 10


State 33

   41 Def: Specifier . DecList SEMI

    ID  shift, and go to state 41

    VarDec   go to state 48
    DecList  go to state 49
    Dec      go to state 50


State 34

   13 StructSpecifier: STRUCT OptTag LC DefList . RC

    RC  shift, and go to state 51


State 35

   40 DefList: Def . DefList

    error   shift, and go to state 32
    TYPE    shift, and go to state 2
    STRUCT  shift, and go to state 3

    error   [reduce using rule 39 (DefList)]
    MINUS   reduce using rule 39 (DefList)
    NOT     reduce using rule 39 (DefList)
    LP      reduce using rule 39 (DefList)
    LC      reduce using rule 39 (DefList)
    RC      reduce using rule 39 (DefList)
    RETURN  reduce using rule 39 (DefList)
    IF      reduce using rule 39 (DefList)
    WHILE   reduce using rule 39 (DefList)
    INT     reduce using rule 39 (DefList)
    FLOAT   reduce using rule 39 (DefList)
    ID      reduce using rule 39 (DefList)

    Specifier        go to state 33
    StructSpecifier  go to state 8
    DefList          go to state 52
    Def              go to state 35


State 36

   15 StructSpecifier: error . RC

    RC  shift, and go to state 10


State 37

   23 FunDec: ID LP RP .

    $default  reduce using rule 23 (FunDec)


State 38

   27 ParamDec: Specifier . VarDec

    ID  shift, and go to state 41

    VarDec  go to state 53


State 39

   22 FunDec: ID LP VarList . RP

    RP  shift, and go to state 54


State 40

   25 VarList: ParamDec . COMMA VarList
   26        | ParamDec .

    COMMA  shift, and go to state 55

    $default  reduce using rule 26 (VarList)


State 41

   19 VarDec: ID .

    $default  reduce using rule 19 (VarDec)


State 42

   10 ExtDecList: VarDec COMMA ExtDecList .

    $default  reduce using rule 10 (ExtDecList)


State 43

   21 VarDec: VarDec LB error . RB

    RB  shift, and go to state 56


State 44

   20 VarDec: VarDec LB INT . RB

    RB  shift, and go to state 57


State 45

   29 CompSt: error RC .

    $default  reduce using rule 29 (CompSt)


State 46

   28 CompSt: LC DefList . StmtList RC

    error   shift, and go to state 58
    MINUS   shift, and go to state 59
    NOT     shift, and go to state 60
    LP      shift, and go to state 61
    LC      shift, and go to state 30
    RETURN  shift, and go to state 62
    IF      shift, and go to state 63
    WHILE   shift, and go to state 64
    INT     shift, and go to state 65
    FLOAT   shift, and go to state 66
    ID      shift, and go to state 67

    RC  reduce using rule 30 (StmtList)

    CompSt    go to state 68
    StmtList  go to state 69
    Stmt      go to state 70
    Exp       go to state 71


State 47

   42 Def: error SEMI .

    $default  reduce using rule 42 (Def)


State 48

   20 VarDec: VarDec . LB INT RB
   21       | VarDec . LB error RB
   45 Dec: VarDec .
   46    | VarDec . ASSIGNOP Exp

    ASSIGNOP  shift, and go to state 72
    LB        shift, and go to state 27

    $default  reduce using rule 45 (Dec)


State 49

   41 Def: Specifier DecList . SEMI

    SEMI  shift, and go to state 73


State 50

   43 DecList: Dec .
   44        | Dec . COMMA DecList

    COMMA  shift, and go to state 74

    $default  reduce using rule 43 (DecList)


State 51

   13 StructSpecifier: STRUCT OptTag LC DefList RC .

    $default  reduce using rule 13 (StructSpecifier)


State 52

   40 DefList: Def DefList .

    $default  reduce using rule 40 (DefList)


State 53

   20 VarDec: VarDec . LB INT RB
   21       | VarDec . LB error RB
   27 ParamDec: Specifier VarDec .

    LB  shift, and go to state 27

    $default  reduce using rule 27 (ParamDec)


State 54

   22 FunDec: ID LP VarList RP .

    $default  reduce using rule 22 (FunDec)


State 55

   25 VarList: ParamDec COMMA . VarList

    error   shift, and go to state 36
    TYPE    shift, and go to state 2
    STRUCT  shift, and go to state 3

    Specifier        go to state 38
    StructSpecifier  go to state 8
    VarList          go to state 75
    ParamDec         go to state 40


State 56

   21 VarDec: VarDec LB error RB .

    $default  reduce using rule 21 (VarDec)


State 57

   20 VarDec: VarDec LB INT RB .

    $default  reduce using rule 20 (VarDec)


State 58

   29 CompSt: error . RC
   38 Stmt: error . SEMI

    SEMI  shift, and go to state 76
    RC    shift, and go to state 45


State 59

   56 Exp: MINUS . Exp

    MINUS  shift, and go to state 59
    NOT    shift, and go to state 60
    LP     shift, and go to state 61
    INT    shift, and go to state 65
    FLOAT  shift, and go to state 66
    ID     shift, and go to state 67

    Exp  go to state 77


State 60

   57 Exp: NOT . Exp

    MINUS  shift, and go to state 59
    NOT    shift, and go to state 60
    LP     shift, and go to state 61
    INT    shift, and go to state 65
    FLOAT  shift, and go to state 66
    ID     shift, and go to state 67

    Exp  go to state 78


State 61

   55 Exp: LP . Exp RP
   65    | LP . error RP

    error  shift, and go to state 79
    MINUS  shift, and go to state 59
    NOT    shift, and go to state 60
    LP     shift, and go to state 61
    INT    shift, and go to state 65
    FLOAT  shift, and go to state 66
    ID     shift, and go to state 67

    Exp  go to state 80


State 62

   34 Stmt: RETURN . Exp SEMI

    MINUS  shift, and go to state 59
    NOT    shift, and go to state 60
    LP     shift, and go to state 61
    INT    shift, and go to state 65
    FLOAT  shift, and go to state 66
    ID     shift, and go to state 67

    Exp  go to state 81


State 63

   35 Stmt: IF . LP Exp RP Stmt
   36     | IF . LP Exp RP Stmt ELSE Stmt

    LP  shift, and go to state 82


State 64

   37 Stmt: WHILE . LP Exp RP Stmt

    LP  shift, and go to state 83


State 65

   63 Exp: INT .

    $default  reduce using rule 63 (Exp)


State 66

   64 Exp: FLOAT .

    $default  reduce using rule 64 (Exp)


State 67

   58 Exp: ID . LP Args RP
   59    | ID . LP RP
   62    | ID .
   66    | ID . LP error RP

    LP  shift, and go to state 84

    $default  reduce using rule 62 (Exp)


State 68

   33 Stmt: CompSt .

    $default  reduce using rule 33 (Stmt)


State 69

   28 CompSt: LC DefList StmtList . RC

    RC  shift, and go to state 85


State 70

   31 StmtList: Stmt . StmtList

    error   shift, and go to state 58
    MINUS   shift, and go to state 59
    NOT     shift, and go to state 60
    LP      shift, and go to state 61
    LC      shift, and go to state 30
    RETURN  shift, and go to state 62
    IF      shift, and go to state 63
    WHILE   shift, and go to state 64
    INT     shift, and go to state 65
    FLOAT   shift, and go to state 66
    ID      shift, and go to state 67

    RC  reduce using rule 30 (StmtList)

    CompSt    go to state 68
    StmtList  go to state 86
    Stmt      go to state 70
    Exp       go to state 71


State 71

   32 Stmt: Exp . SEMI
   47 Exp: Exp . ASSIGNOP Exp
   48    | Exp . AND Exp
   49    | Exp . OR Exp
   50    | Exp . RELOP Exp
   51    | Exp . PLUS Exp
   52    | Exp . MINUS Exp
   53    | Exp . STAR Exp
   54    | Exp . DIV Exp
   60    | Exp . LB Exp RB
   61    | Exp . DOT ID
   67    | Exp . LB error RB

    SEMI      shift, and go to state 87
    ASSIGNOP  shift, and go to state 88
    RELOP     shift, and go to state 89
    PLUS      shift, and go to state 90
    MINUS     shift, and go to state 91
    STAR      shift, and go to state 92
    DIV       shift, and go to state 93
    AND       shift, and go to state 94
    OR        shift, and go to state 95
    DOT       shift, and go to state 96
    LB        shift, and go to state 97


State 72

   46 Dec: VarDec ASSIGNOP . Exp

    MINUS  shift, and go to state 59
    NOT    shift, and go to state 60
    LP     shift, and go to state 61
    INT    shift, and go to state 65
    FLOAT  shift, and go to state 66
    ID     shift, and go to state 67

    Exp  go to state 98


State 73

   41 Def: Specifier DecList SEMI .

    $default  reduce using rule 41 (Def)


State 74

   44 DecList: Dec COMMA . DecList

    ID  shift, and go to state 41

    VarDec   go to state 48
    DecList  go to state 99
    Dec      go to state 50


State 75

   25 VarList: ParamDec COMMA VarList .

    $default  reduce using rule 25 (VarList)


State 76

   38 Stmt: error SEMI .

    $default  reduce using rule 38 (Stmt)


State 77

   47 Exp: Exp . ASSIGNOP Exp
   48    | Exp . AND Exp
   49    | Exp . OR Exp
   50    | Exp . RELOP Exp
   51    | Exp . PLUS Exp
   52    | Exp . MINUS Exp
   53    | Exp . STAR Exp
   54    | Exp . DIV Exp
   56    | MINUS Exp .
   60    | Exp . LB Exp RB
   61    | Exp . DOT ID
   67    | Exp . LB error RB

    DOT  shift, and go to state 96
    LB   shift, and go to state 97

    $default  reduce using rule 56 (Exp)


State 78

   47 Exp: Exp . ASSIGNOP Exp
   48    | Exp . AND Exp
   49    | Exp . OR Exp
   50    | Exp . RELOP Exp
   51    | Exp . PLUS Exp
   52    | Exp . MINUS Exp
   53    | Exp . STAR Exp
   54    | Exp . DIV Exp
   57    | NOT Exp .
   60    | Exp . LB Exp RB
   61    | Exp . DOT ID
   67    | Exp . LB error RB

    DOT  shift, and go to state 96
    LB   shift, and go to state 97

    $default  reduce using rule 57 (Exp)


State 79

   65 Exp: LP error . RP

    RP  shift, and go to state 100


State 80

   47 Exp: Exp . ASSIGNOP Exp
   48    | Exp . AND Exp
   49    | Exp . OR Exp
   50    | Exp . RELOP Exp
   51    | Exp . PLUS Exp
   52    | Exp . MINUS Exp
   53    | Exp . STAR Exp
   54    | Exp . DIV Exp
   55    | LP Exp . RP
   60    | Exp . LB Exp RB
   61    | Exp . DOT ID
   67    | Exp . LB error RB

    ASSIGNOP  shift, and go to state 88
    RELOP     shift, and go to state 89
    PLUS      shift, and go to state 90
    MINUS     shift, and go to state 91
    STAR      shift, and go to state 92
    DIV       shift, and go to state 93
    AND       shift, and go to state 94
    OR        shift, and go to state 95
    DOT       shift, and go to state 96
    RP        shift, and go to state 101
    LB        shift, and go to state 97


State 81

   34 Stmt: RETURN Exp . SEMI
   47 Exp: Exp . ASSIGNOP Exp
   48    | Exp . AND Exp
   49    | Exp . OR Exp
   50    | Exp . RELOP Exp
   51    | Exp . PLUS Exp
   52    | Exp . MINUS Exp
   53    | Exp . STAR Exp
   54    | Exp . DIV Exp
   60    | Exp . LB Exp RB
   61    | Exp . DOT ID
   67    | Exp . LB error RB

    SEMI      shift, and go to state 102
    ASSIGNOP  shift, and go to state 88
    RELOP     shift, and go to state 89
    PLUS      shift, and go to state 90
    MINUS     shift, and go to state 91
    STAR      shift, and go to state 92
    DIV       shift, and go to state 93
    AND       shift, and go to state 94
    OR        shift, and go to state 95
    DOT       shift, and go to state 96
    LB        shift, and go to state 97


State 82

   35 Stmt: IF LP . Exp RP Stmt
   36     | IF LP . Exp RP Stmt ELSE Stmt

    MINUS  shift, and go to state 59
    NOT    shift, and go to state 60
    LP     shift, and go to state 61
    INT    shift, and go to state 65
    FLOAT  shift, and go to state 66
    ID     shift, and go to state 67

    Exp  go to state 103


State 83

   37 Stmt: WHILE LP . Exp RP Stmt

    MINUS  shift, and go to state 59
    NOT    shift, and go to state 60
    LP     shift, and go to state 61
    INT    shift, and go to state 65
    FLOAT  shift, and go to state 66
    ID     shift, and go to state 67

    Exp  go to state 104


State 84

   58 Exp: ID LP . Args RP
   59    | ID LP . RP
   66    | ID LP . error RP

    error  shift, and go to state 105
    MINUS  shift, and go to state 59
    NOT    shift, and go to state 60
    LP     shift, and go to state 61
    RP     shift, and go to state 106
    INT    shift, and go to state 65
    FLOAT  shift, and go to state 66
    ID     shift, and go to state 67

    Exp   go to state 107
    Args  go to state 108


State 85

   28 CompSt: LC DefList StmtList RC .

    $default  reduce using rule 28 (CompSt)


State 86

   31 StmtList: Stmt StmtList .

    $default  reduce using rule 31 (StmtList)


State 87

   32 Stmt: Exp SEMI .

    $default  reduce using rule 32 (Stmt)


State 88

   47 Exp: Exp ASSIGNOP . Exp

    MINUS  shift, and go to state 59
    NOT    shift, and go to state 60
    LP     shift, and go to state 61
    INT    shift, and go to state 65
    FLOAT  shift, and go to state 66
    ID     shift, and go to state 67

    Exp  go to state 109


State 89

   50 Exp: Exp RELOP . Exp

    MINUS  shift, and go to state 59
    NOT    shift, and go to state 60
    LP     shift, and go to state 61
    INT    shift, and go to state 65
    FLOAT  shift, and go to state 66
    ID     shift, and go to state 67

    Exp  go to state 110


State 90

   51 Exp: Exp PLUS . Exp

    MINUS  shift, and go to state 59
    NOT    shift, and go to state 60
    LP     shift, and go to state 61
    INT    shift, and go to state 65
    FLOAT  shift, and go to state 66
    ID     shift, and go to state 67

    Exp  go to state 111


State 91

   52 Exp: Exp MINUS . Exp

    MINUS  shift, and go to state 59
    NOT    shift, and go to state 60
    LP     shift, and go to state 61
    INT    shift, and go to state 65
    FLOAT  shift, and go to state 66
    ID     shift, and go to state 67

    Exp  go to state 112


State 92

   53 Exp: Exp STAR . Exp

    MINUS  shift, and go to state 59
    NOT    shift, and go to state 60
    LP     shift, and go to state 61
    INT    shift, and go to state 65
    FLOAT  shift, and go to state 66
    ID     shift, and go to state 67

    Exp  go to state 113


State 93

   54 Exp: Exp DIV . Exp

    MINUS  shift, and go to state 59
    NOT    shift, and go to state 60
    LP     shift, and go to state 61
    INT    shift, and go to state 65
    FLOAT  shift, and go to state 66
    ID     shift, and go to state 67

    Exp  go to state 114


State 94

   48 Exp: Exp AND . Exp

    MINUS  shift, and go to state 59
    NOT    shift, and go to state 60
    LP     shift, and go to state 61
    INT    shift, and go to state 65
    FLOAT  shift, and go to state 66
    ID     shift, and go to state 67

    Exp  go to state 115


State 95

   49 Exp: Exp OR . Exp

    MINUS  shift, and go to state 59
    NOT    shift, and go to state 60
    LP     shift, and go to state 61
    INT    shift, and go to state 65
    FLOAT  shift, and go to state 66
    ID     shift, and go to state 67

    Exp  go to state 116


State 96

   61 Exp: Exp DOT . ID

    ID  shift, and go to state 117


State 97

   60 Exp: Exp LB . Exp RB
   67    | Exp LB . error RB

    error  shift, and go to state 118
    MINUS  shift, and go to state 59
    NOT    shift, and go to state 60
    LP     shift, and go to state 61
    INT    shift, and go to state 65
    FLOAT  shift, and go to state 66
    ID     shift, and go to state 67

    Exp  go to state 119


State 98

   46 Dec: VarDec ASSIGNOP Exp .
   47 Exp: Exp . ASSIGNOP Exp
   48    | Exp . AND Exp
   49    | Exp . OR Exp
   50    | Exp . RELOP Exp
   51    | Exp . PLUS Exp
   52    | Exp . MINUS Exp
   53    | Exp . STAR Exp
   54    | Exp . DIV Exp
   60    | Exp . LB Exp RB
   61    | Exp . DOT ID
   67    | Exp . LB error RB

    ASSIGNOP  shift, and go to state 88
    RELOP     shift, and go to state 89
    PLUS      shift, and go to state 90
    MINUS     shift, and go to state 91
    STAR      shift, and go to state 92
    DIV       shift, and go to state 93
    AND       shift, and go to state 94
    OR        shift, and go to state 95
    DOT       shift, and go to state 96
    LB        shift, and go to state 97

    $default  reduce using rule 46 (Dec)


State 99

   44 DecList: Dec COMMA DecList .

    $default  reduce using rule 44 (DecList)


State 100

   65 Exp: LP error RP .

    $default  reduce using rule 65 (Exp)


State 101

   55 Exp: LP Exp RP .

    $default  reduce using rule 55 (Exp)


State 102

   34 Stmt: RETURN Exp SEMI .

    $default  reduce using rule 34 (Stmt)


State 103

   35 Stmt: IF LP Exp . RP Stmt
   36     | IF LP Exp . RP Stmt ELSE Stmt
   47 Exp: Exp . ASSIGNOP Exp
   48    | Exp . AND Exp
   49    | Exp . OR Exp
   50    | Exp . RELOP Exp
   51    | Exp . PLUS Exp
   52    | Exp . MINUS Exp
   53    | Exp . STAR Exp
   54    | Exp . DIV Exp
   60    | Exp . LB Exp RB
   61    | Exp . DOT ID
   67    | Exp . LB error RB

    ASSIGNOP  shift, and go to state 88
    RELOP     shift, and go to state 89
    PLUS      shift, and go to state 90
    MINUS     shift, and go to state 91
    STAR      shift, and go to state 92
    DIV       shift, and go to state 93
    AND       shift, and go to state 94
    OR        shift, and go to state 95
    DOT       shift, and go to state 96
    RP        shift, and go to state 120
    LB        shift, and go to state 97


State 104

   37 Stmt: WHILE LP Exp . RP Stmt
   47 Exp: Exp . ASSIGNOP Exp
   48    | Exp . AND Exp
   49    | Exp . OR Exp
   50    | Exp . RELOP Exp
   51    | Exp . PLUS Exp
   52    | Exp . MINUS Exp
   53    | Exp . STAR Exp
   54    | Exp . DIV Exp
   60    | Exp . LB Exp RB
   61    | Exp . DOT ID
   67    | Exp . LB error RB

    ASSIGNOP  shift, and go to state 88
    RELOP     shift, and go to state 89
    PLUS      shift, and go to state 90
    MINUS     shift, and go to state 91
    STAR      shift, and go to state 92
    DIV       shift, and go to state 93
    AND       shift, and go to state 94
    OR        shift, and go to state 95
    DOT       shift, and go to state 96
    RP        shift, and go to state 121
    LB        shift, and go to state 97


State 105

   66 Exp: ID LP error . RP

    RP  shift, and go to state 122


State 106

   59 Exp: ID LP RP .

    $default  reduce using rule 59 (Exp)


State 107

   47 Exp: Exp . ASSIGNOP Exp
   48    | Exp . AND Exp
   49    | Exp . OR Exp
   50    | Exp . RELOP Exp
   51    | Exp . PLUS Exp
   52    | Exp . MINUS Exp
   53    | Exp . STAR Exp
   54    | Exp . DIV Exp
   60    | Exp . LB Exp RB
   61    | Exp . DOT ID
   67    | Exp . LB error RB
   68 Args: Exp . COMMA Args
   69     | Exp .

    COMMA     shift, and go to state 123
    ASSIGNOP  shift, and go to state 88
    RELOP     shift, and go to state 89
    PLUS      shift, and go to state 90
    MINUS     shift, and go to state 91
    STAR      shift, and go to state 92
    DIV       shift, and go to state 93
    AND       shift, and go to state 94
    OR        shift, and go to state 95
    DOT       shift, and go to state 96
    LB        shift, and go to state 97

    $default  reduce using rule 69 (Args)


State 108

   58 Exp: ID LP Args . RP

    RP  shift, and go to state 124


State 109

   47 Exp: Exp . ASSIGNOP Exp
   47    | Exp ASSIGNOP Exp .
   48    | Exp . AND Exp
   49    | Exp . OR Exp
   50    | Exp . RELOP Exp
   51    | Exp . PLUS Exp
   52    | Exp . MINUS Exp
   53    | Exp . STAR Exp
   54    | Exp . DIV Exp
   60    | Exp . LB Exp RB
   61    | Exp . DOT ID
   67    | Exp . LB error RB

    ASSIGNOP  shift, and go to state 88
    RELOP     shift, and go to state 89
    PLUS      shift, and go to state 90
    MINUS     shift, and go to state 91
    STAR      shift, and go to state 92
    DIV       shift, and go to state 93
    AND       shift, and go to state 94
    OR        shift, and go to state 95
    DOT       shift, and go to state 96
    LB        shift, and go to state 97

    $default  reduce using rule 47 (Exp)


State 110

   47 Exp: Exp . ASSIGNOP Exp
   48    | Exp . AND Exp
   49    | Exp . OR Exp
   50    | Exp . RELOP Exp
   50    | Exp RELOP Exp .
   51    | Exp . PLUS Exp
   52    | Exp . MINUS Exp
   53    | Exp . STAR Exp
   54    | Exp . DIV Exp
   60    | Exp . LB Exp RB
   61    | Exp . DOT ID
   67    | Exp . LB error RB

    PLUS   shift, and go to state 90
    MINUS  shift, and go to state 91
    STAR   shift, and go to state 92
    DIV    shift, and go to state 93
    DOT    shift, and go to state 96
    LB     shift, and go to state 97

    $default  reduce using rule 50 (Exp)


State 111

   47 Exp: Exp . ASSIGNOP Exp
   48    | Exp . AND Exp
   49    | Exp . OR Exp
   50    | Exp . RELOP Exp
   51    | Exp . PLUS Exp
   51    | Exp PLUS Exp .
   52    | Exp . MINUS Exp
   53    | Exp . STAR Exp
   54    | Exp . DIV Exp
   60    | Exp . LB Exp RB
   61    | Exp . DOT ID
   67    | Exp . LB error RB

    STAR  shift, and go to state 92
    DIV   shift, and go to state 93
    DOT   shift, and go to state 96
    LB    shift, and go to state 97

    $default  reduce using rule 51 (Exp)


State 112

   47 Exp: Exp . ASSIGNOP Exp
   48    | Exp . AND Exp
   49    | Exp . OR Exp
   50    | Exp . RELOP Exp
   51    | Exp . PLUS Exp
   52    | Exp . MINUS Exp
   52    | Exp MINUS Exp .
   53    | Exp . STAR Exp
   54    | Exp . DIV Exp
   60    | Exp . LB Exp RB
   61    | Exp . DOT ID
   67    | Exp . LB error RB

    STAR  shift, and go to state 92
    DIV   shift, and go to state 93
    DOT   shift, and go to state 96
    LB    shift, and go to state 97

    $default  reduce using rule 52 (Exp)


State 113

   47 Exp: Exp . ASSIGNOP Exp
   48    | Exp . AND Exp
   49    | Exp . OR Exp
   50    | Exp . RELOP Exp
   51    | Exp . PLUS Exp
   52    | Exp . MINUS Exp
   53    | Exp . STAR Exp
   53    | Exp STAR Exp .
   54    | Exp . DIV Exp
   60    | Exp . LB Exp RB
   61    | Exp . DOT ID
   67    | Exp . LB error RB

    DOT  shift, and go to state 96
    LB   shift, and go to state 97

    $default  reduce using rule 53 (Exp)


State 114

   47 Exp: Exp . ASSIGNOP Exp
   48    | Exp . AND Exp
   49    | Exp . OR Exp
   50    | Exp . RELOP Exp
   51    | Exp . PLUS Exp
   52    | Exp . MINUS Exp
   53    | Exp . STAR Exp
   54    | Exp . DIV Exp
   54    | Exp DIV Exp .
   60    | Exp . LB Exp RB
   61    | Exp . DOT ID
   67    | Exp . LB error RB

    DOT  shift, and go to state 96
    LB   shift, and go to state 97

    $default  reduce using rule 54 (Exp)


State 115

   47 Exp: Exp . ASSIGNOP Exp
   48    | Exp . AND Exp
   48    | Exp AND Exp .
   49    | Exp . OR Exp
   50    | Exp . RELOP Exp
   51    | Exp . PLUS Exp
   52    | Exp . MINUS Exp
   53    | Exp . STAR Exp
   54    | Exp . DIV Exp
   60    | Exp . LB Exp RB
   61    | Exp . DOT ID
   67    | Exp . LB error RB

    RELOP  shift, and go to state 89
    PLUS   shift, and go to state 90
    MINUS  shift, and go to state 91
    STAR   shift, and go to state 92
    DIV    shift, and go to state 93
    DOT    shift, and go to state 96
    LB     shift, and go to state 97

    $default  reduce using rule 48 (Exp)


State 116

   47 Exp: Exp . ASSIGNOP Exp
   48    | Exp . AND Exp
   49    | Exp . OR Exp
   49    | Exp OR Exp .
   50    | Exp . RELOP Exp
   51    | Exp . PLUS Exp
   52    | Exp . MINUS Exp
   53    | Exp . STAR Exp
   54    | Exp . DIV Exp
   60    | Exp . LB Exp RB
   61    | Exp . DOT ID
   67    | Exp . LB error RB

    RELOP  shift, and go to state 89
    PLUS   shift, and go to state 90
    MINUS  shift, and go to state 91
    STAR   shift, and go to state 92
    DIV    shift, and go to state 93
    AND    shift, and go to state 94
    DOT    shift, and go to state 96
    LB     shift, and go to state 97

    $default  reduce using rule 49 (Exp)


State 117

   61 Exp: Exp DOT ID .

    $default  reduce using rule 61 (Exp)


State 118

   67 Exp: Exp LB error . RB

    RB  shift, and go to state 125


State 119

   47 Exp: Exp . ASSIGNOP Exp
   48    | Exp . AND Exp
   49    | Exp . OR Exp
   50    | Exp . RELOP Exp
   51    | Exp . PLUS Exp
   52    | Exp . MINUS Exp
   53    | Exp . STAR Exp
   54    | Exp . DIV Exp
   60    | Exp . LB Exp RB
   60    | Exp LB Exp . RB
   61    | Exp . DOT ID
   67    | Exp . LB error RB

    ASSIGNOP  shift, and go to state 88
    RELOP     shift, and go to state 89
    PLUS      shift, and go to state 90
    MINUS     shift, and go to state 91
    STAR      shift, and go to state 92
    DIV       shift, and go to state 93
    AND       shift, and go to state 94
    OR        shift, and go to state 95
    DOT       shift, and go to state 96
    LB        shift, and go to state 97
    RB        shift, and go to state 126


State 120

   35 Stmt: IF LP Exp RP . Stmt
   36     | IF LP Exp RP . Stmt ELSE Stmt

    error   shift, and go to state 58
    MINUS   shift, and go to state 59
    NOT     shift, and go to state 60
    LP      shift, and go to state 61
    LC      shift, and go to state 30
    RETURN  shift, and go to state 62
    IF      shift, and go to state 63
    WHILE   shift, and go to state 64
    INT     shift, and go to state 65
    FLOAT   shift, and go to state 66
    ID      shift, and go to state 67

    CompSt  go to state 68
    Stmt    go to state 127
    Exp     go to state 71


State 121

   37 Stmt: WHILE LP Exp RP . Stmt

    error   shift, and go to state 58
    MINUS   shift, and go to state 59
    NOT     shift, and go to state 60
    LP      shift, and go to state 61
    LC      shift, and go to state 30
    RETURN  shift, and go to state 62
    IF      shift, and go to state 63
    WHILE   shift, and go to state 64
    INT     shift, and go to state 65
    FLOAT   shift, and go to state 66
    ID      shift, and go to state 67

    CompSt  go to state 68
    Stmt    go to state 128
    Exp     go to state 71


State 122

   66 Exp: ID LP error RP .

    $default  reduce using rule 66 (Exp)


State 123

   68 Args: Exp COMMA . Args

    MINUS  shift, and go to state 59
    NOT    shift, and go to state 60
    LP     shift, and go to state 61
    INT    shift, and go to state 65
    FLOAT  shift, and go to state 66
    ID     shift, and go to state 67

    Exp   go to state 107
    Args  go to state 129


State 124

   58 Exp: ID LP Args RP .

    $default  reduce using rule 58 (Exp)


State 125

   67 Exp: Exp LB error RB .

    $default  reduce using rule 67 (Exp)


State 126

   60 Exp: Exp LB Exp RB .

    $default  reduce using rule 60 (Exp)


State 127

   35 Stmt: IF LP Exp RP Stmt .
   36     | IF LP Exp RP Stmt . ELSE Stmt

    ELSE  shift, and go to state 130

    $default  reduce using rule 35 (Stmt)


State 128

   37 Stmt: WHILE LP Exp RP Stmt .

    $default  reduce using rule 37 (Stmt)


State 129

   68 Args: Exp COMMA Args .

    $default  reduce using rule 68 (Args)


State 130

   36 Stmt: IF LP Exp RP Stmt ELSE . Stmt

    error   shift, and go to state 58
    MINUS   shift, and go to state 59
    NOT     shift, and go to state 60
    LP      shift, and go to state 61
    LC      shift, and go to state 30
    RETURN  shift, and go to state 62
    IF      shift, and go to state 63
    WHILE   shift, and go to state 64
    INT     shift, and go to state 65
    FLOAT   shift, and go to state 66
    ID      shift, and go to state 67

    CompSt  go to state 68
    Stmt    go to state 131
    Exp     go to state 71


State 131

   36 Stmt: IF LP Exp RP Stmt ELSE Stmt .

    $default  reduce using rule 36 (Stmt)
